[14:51:29] main grid done, starting ablations
metrla pl12 MultiRel ONES 0.0000(n1) [ ]
metrla pl12 SECrossformer ONES 0.0000(n1) [ ]
metrla pl12 StructMamba ONES 0.0000(n1) [ ]
metrla pl24 MultiRel HIER 0.0000(n1) [ ]
metrla pl24 MultiRel ONES 0.0000(n1) [ ]
metrla pl24 SECrossformer PC 0.0000(n1) [ ]
metrla pl24 SECrossformer HIER 0.0000(n1) [ ]
metrla pl24 SECrossformer ONES 0.0000(n1) [ ]
metrla pl24 StructMamba PC 0.0000(n1) [ ]
metrla pl24 StructMamba HIER 0.0000(n1) [ ]
metrla pl24 StructMamba ONES 0.0000(n1) [ ]
metrla pl48 MultiRel PC 0.0000(n1) [ ]
metrla pl48 MultiRel HIER 0.0000(n1) [ ]
metrla pl48 MultiRel ONES 0.0000(n1) [ ]
metrla pl48 SECrossformer PC 0.0000(n1) [ ]
metrla pl48 SECrossformer HIER 0.0000(n1) [ ]
metrla pl48 SECrossformer ONES 0.0000(n1) [ ]
metrla pl48 StructMamba PC 0.0000(n1) [ ]
metrla pl48 StructMamba HIER 0.0000(n1) [ ]
metrla pl48 StructMamba ONES 0.0000(n1) [ ]
metrla pl96 MultiRel PC 0.0000(n1) [ ]
metrla pl96 MultiRel HIER 0.0000(n1) [ ]
metrla pl96 MultiRel ONES 0.0000(n1) [ ]
metrla pl96 SECrossformer PC 0.0000(n1) [ ]
metrla pl96 SECrossformer HIER 0.0000(n1) [ ]
metrla pl96 SECrossformer ONES 0.0000(n1) [ ]
metrla pl96 StructMamba PC 0.0000(n1) [ ]
metrla pl96 StructMamba HIER 0.0000(n1) [ ]
metrla pl96 StructMamba ONES 0.0000(n1) [ ]
pemsbay pl12 MultiRel PC 0.0000(n1) [ ]
pemsbay pl12 MultiRel HIER 0.0000(n1) [ ]
pemsbay pl12 MultiRel ONES 0.0000(n1) [ ]
pemsbay pl12 SECrossformer PC 0.0000(n1) [ ]
pemsbay pl12 SECrossformer HIER 0.0000(n1) [ ]
pemsbay pl12 SECrossformer ONES 0.0000(n1) [ ]
pemsbay pl12 StructMamba PC 0.0000(n1) [ ]
pemsbay pl12 StructMamba HIER 0.0000(n1) [ ]
pemsbay pl12 StructMamba ONES 0.0000(n1) [ ]
pemsbay pl24 MultiRel PC 0.0000(n1) [ ]
pemsbay pl24 MultiRel HIER 0.0000(n1) [ ]
pemsbay pl24 MultiRel ONES 0.0000(n1) [ ]
pemsbay pl24 SECrossformer PC 0.0000(n1) [ ]
pemsbay pl24 SECrossformer HIER 0.0000(n1) [ ]
pemsbay pl24 SECrossformer ONES 0.0000(n1) [ ]
pemsbay pl24 StructMamba PC 0.0000(n1) [ ]
pemsbay pl24 StructMamba HIER 0.0000(n1) [ ]
pemsbay pl24 StructMamba ONES 0.0000(n1) [ ]
pemsbay pl48 MultiRel PC 0.0000(n1) [ ]
pemsbay pl48 MultiRel HIER 0.0000(n1) [ ]
pemsbay pl48 MultiRel ONES 0.0000(n1) [ ]
pemsbay pl48 SECrossformer PC 0.0000(n1) [ ]
pemsbay pl48 SECrossformer HIER 0.0000(n1) [ ]
pemsbay pl48 SECrossformer ONES 0.0000(n1) [ ]
pemsbay pl48 StructMamba PC 0.0000(n1) [ ]
pemsbay pl48 StructMamba HIER 0.0000(n1) [ ]
pemsbay pl48 StructMamba ONES 0.0000(n1) [ ]
pemsbay pl96 MultiRel PC 0.0000(n1) [ ]
pemsbay pl96 MultiRel HIER 0.0000(n1) [ ]
pemsbay pl96 MultiRel ONES 0.0000(n1) [ ]
pemsbay pl96 SECrossformer PC 0.0000(n1) [ ]
pemsbay pl96 SECrossformer HIER 0.0000(n1) [ ]
pemsbay pl96 SECrossformer ONES 0.0000(n1) [ ]
pemsbay pl96 StructMamba PC 0.0000(n1) [ ]
pemsbay pl96 StructMamba HIER 0.0000(n1) [ ]
pemsbay pl96 StructMamba ONES 0.0000(n1) [ ]
metrla pl12 MultiRel PC 0.4684(n3) [0.47250238060951233 0.4555654525756836 0.4771440923213959 ]
metrla pl12 MultiRel HIER 0.4630(n3) [0.48262590169906616 0.4479932487010956 0.45838847756385803 ]
metrla pl24 MultiRel PC 0.6967(n3) [0.684930682182312 0.6973170638084412 0.7077294588088989 ]
metrla pl12 StructMamba PC 0.4777(n3) [0.48174986243247986 0.4721587002277374 0.47921568155288696 ]
metrla pl12 StructMamba HIER 0.4700(n3) [0.47111907601356506 0.4805406630039215 0.45838043093681335 ]
metrla pl12 SECrossformer HIER 0.4146(n3) [0.4077894389629364 0.411074697971344 0.4250372052192688 ]
metrla pl12 SECrossformer PC 0.4123(n3) [0.42291608452796936 0.41156405210494995 0.40245217084884644 ]
=== ABLATIONS DONE ===
