[23:53:02] scope grid done -> diagnostic campaign
solar.csv written (52560, 137)
solar LL fallback (corr comm): 'int' object is not iterable
solar masks built N= 137
solar ONES built
exchange ONES built
nasdaq ONES built
[23:53:15] diag stats done
exchange pl96 hard 0.1064(n3) [0.1054641604423523 0.09801309555768967 0.11560960114002228 ]
exchange pl96 ones 0.1004(n3) [0.1008494570851326 0.11008918285369873 0.09024147689342499 ]
exchange pl336 ones 0.3363(n3) [0.33730360865592957 0.328951895236969 0.3427787125110626 ]
exchange pl336 hard 0.3769(n3) [0.36209726333618164 0.4139499068260193 0.3546743392944336 ]
nasdaq pl96 hard 0.0271(n3) [0.027262723073363304 0.026946159079670906 0.027163011953234673 ]
nasdaq pl336 hard 0.1015(n3) [0.10167133063077927 0.10148221999406815 0.10147421061992645 ]
nasdaq pl336 ones 0.1017(n3) [0.10156292468309402 0.10174555331468582 0.10169695317745209 ]
nasdaq pl96 ones 0.0271(n3) [0.02715027891099453 0.02706924080848694 0.02710534632205963 ]
solar pl96 hard 0.2167(n3) [0.21876271069049835 0.21854150295257568 0.2127736508846283 ]
solar pl96 ones 0.2153(n3) [0.21699261665344238 0.22271357476711273 0.20628026127815247 ]
solar pl336 hard 0.2755(n3) [0.27157315611839294 0.27460116147994995 0.2804253101348877 ]
solar pl336 ones 0.2639(n3) [0.2631489038467407 0.26814842224121094 0.2603321671485901 ]
=== DIAG CAMPAIGN DONE ===
