metrla pl12 DLinear 0.4409(n3) [0.44044020771980286 0.43998607993125916 0.44218817353248596 ]
metrla pl12 iTransformer 0.4800(n3) [0.4805009365081787 0.4835551381111145 0.47579970955848694 ]
metrla pl12 MultiRel 0.4630(n3) [0.48262590169906616 0.4479932487010956 0.45838847756385803 ]
metrla pl12 StructMamba 0.4700(n3) [0.47111907601356506 0.4805406630039215 0.45838043093681335 ]
metrla pl12 SECrossformer 0.4285(n3) [0.41384854912757874 0.4387739598751068 0.4328572750091553 ]
metrla pl12 Crossformer 0.4325(n3) [0.429145485162735 0.43066009879112244 0.43766337633132935 ]
metrla pl12 PatchTST 0.4425(n3) [0.44336509704589844 0.44173136353492737 0.442529559135437 ]
metrla pl96 DLinear 1.1031(n3) [1.1062275171279907 1.1000049114227295 1.1030192375183105 ]
metrla pl96 iTransformer 1.2921(n3) [1.2727067470550537 1.2765206098556519 1.3269901275634766 ]
metrla pl96 MultiRel 1.3112(n3) [1.3638155460357666 1.3194001913070679 1.250314712524414 ]
metrla pl96 StructMamba 1.2851(n3) [1.2839605808258057 1.2740678787231445 1.2973793745040894 ]
pemsbay pl12 iTransformer 0.2979(n3) [0.2966667413711548 0.3002737760543823 0.29687511920928955 ]
pemsbay pl12 DLinear 0.3796(n3) [0.37856975197792053 0.3788069784641266 0.381427139043808 ]
metrla pl96 Crossformer 1.0197(n3) [1.0283749103546143 0.9945433735847473 1.0361660718917847 ]
metrla pl96 SECrossformer 1.1198(n3) [1.1629600524902344 1.1746050119400024 1.0217968225479126 ]
pemsbay pl12 MultiRel 0.2802(n3) [0.28027620911598206 0.2808896601200104 0.2794558107852936 ]
pemsbay pl12 Crossformer 0.2614(n3) [0.26239192485809326 0.25906190276145935 0.2628398537635803 ]
pemsbay pl12 StructMamba 0.2819(n3) [0.277314156293869 0.28585588932037354 0.2825844883918762 ]
metrla pl96 PatchTST 1.2236(n3) [1.22354257106781 1.227989673614502 1.2192881107330322 ]
pemsbay pl96 iTransformer 0.8225(n3) [0.8179516792297363 0.8249295949935913 0.8247347474098206 ]
pemsbay pl96 DLinear 1.0146(n3) [1.013008713722229 1.014560341835022 1.0163333415985107 ]
pemsbay pl12 SECrossformer 0.2754(n3) [0.2859359085559845 0.26636800169944763 0.2738730013370514 ]
pemsbay pl96 MultiRel 0.6511(n3) [0.6425220966339111 0.6474992036819458 0.6632633805274963 ]
pemsbay pl12 PatchTST 0.3247(n3) [0.32462409138679504 0.32401424646377563 0.32549193501472473 ]
pemsbay pl96 StructMamba 0.6407(n3) [0.6337593793869019 0.6363630890846252 0.6520878076553345 ]
pemsbay pl96 PatchTST 0.9470(n3) [0.9485260844230652 0.946869432926178 0.9456689357757568 ]
pemsbay pl96 Crossformer 0.5048(n3) [0.5087974667549133 0.49987515807151794 0.5057013034820557 ]
pemsbay pl96 SECrossformer 0.0000(n1) [ ]
metrla pl24 PatchTST 0.0000(n1) [ ]
metrla pl24 Crossformer 0.0000(n1) [ ]
metrla pl24 SECrossformer 0.0000(n1) [ ]
metrla pl48 iTransformer 0.0000(n1) [ ]
metrla pl48 PatchTST 0.0000(n1) [ ]
metrla pl48 Crossformer 0.0000(n1) [ ]
metrla pl48 TimesNet 0.0000(n1) [ ]
metrla pl48 SECrossformer 0.0000(n1) [ ]
metrla pl48 StructMamba 0.0000(n1) [ ]
pemsbay pl24 iTransformer 0.0000(n1) [ ]
pemsbay pl24 Crossformer 0.0000(n1) [ ]
pemsbay pl24 DLinear 0.0000(n1) [ ]
pemsbay pl24 PatchTST 0.0000(n1) [ ]
pemsbay pl24 TimesNet 0.0000(n1) [ ]
pemsbay pl24 MultiRel 0.0000(n1) [ ]
pemsbay pl24 SECrossformer 0.0000(n1) [ ]
pemsbay pl24 StructMamba 0.0000(n1) [ ]
pemsbay pl48 iTransformer 0.0000(n1) [ ]
pemsbay pl48 Crossformer 0.0000(n1) [ ]
pemsbay pl48 DLinear 0.0000(n1) [ ]
pemsbay pl48 PatchTST 0.0000(n1) [ ]
pemsbay pl48 TimesNet 0.0000(n1) [ ]
pemsbay pl48 MultiRel 0.0000(n1) [ ]
pemsbay pl48 SECrossformer 0.0000(n1) [ ]
pemsbay pl48 StructMamba 0.0000(n1) [ ]
metrla pl24 DLinear 0.6458(n3) [0.6436525583267212 0.646956205368042 0.6467880010604858 ]
metrla pl48 DLinear 0.8894(n3) [0.8902458548545837 0.891533613204956 0.886400580406189 ]
metrla pl24 iTransformer 0.7048(n3) [0.7063888311386108 0.6953973174095154 0.7124993205070496 ]
metrla pl48 MultiRel 0.9901(n3) [1.0096601247787476 0.9590181112289429 1.0016740560531616 ]
metrla pl24 MultiRel 0.7040(n3) [0.6976790428161621 0.7262841463088989 0.6879404783248901 ]
metrla pl24 StructMamba 0.6992(n3) [0.7149067521095276 0.6803273558616638 0.7024236917495728 ]
pemsbay pl96 SECrossformer 0.5217(n3) [0.5142017006874084 0.5289878845214844 0.5217837691307068 ]
metrla pl12 TimesNet 0.5736(n3) [0.5403522849082947 0.5756579041481018 0.6047912836074829 ]
metrla pl96 TimesNet 1.3157(n3) [1.2807025909423828 1.339733362197876 1.3265221118927002 ]
