Using GPU
Args in experiment:
[1mBasic Config[0m
  Task Name:          long_term_forecast  Is Training:        1                   
  Model ID:           PEMS04_96_12_MultiRel_k5Model:              MultiRel            

[1mData Loader[0m
  Data:               PEMS                Root Path:          ./dataset/PEMS/     
  Data Path:          PEMS04.npz          Features:           M                   
  Target:             OT                  Freq:               m                   
  Checkpoints:        ./checkpoints/      

[1mForecasting Task[0m
  Seq Len:            96                  Label Len:          0                   
  Pred Len:           12                  Seasonal Patterns:  Monthly             
  Inverse:            0                   

[1mModel Parameters[0m
  Top k:              5                   Num Kernels:        6                   
  Enc In:             307                 Dec In:             307                 
  C Out:              307                 d model:            512                 
  n heads:            8                   e layers:           4                   
  d layers:           1                   d FF:               512                 
  Moving Avg:         25                  Factor:             1                   
  Distil:             1                   Dropout:            0.1                 
  Embed:              timeF               Activation:         gelu                

[1mRun Parameters[0m
  Num Workers:        10                  Itr:                3                   
  Train Epochs:       10                  Batch Size:         16                  
  Patience:           3                   Learning Rate:      0.0005              
  Des:                ksens               Loss:               MSE                 
  Lradj:              type1               Use Amp:            0                   

[1mGPU[0m
  Use GPU:            1                   GPU:                0                   
  Use Multi GPU:      0                   Devices:            0,1,2,3             

[1mDe-stationary Projector Params[0m
  P Hidden Dims:      128, 128            P Hidden Layers:    2                   

Use GPU: cuda:0
🚀 Lazy Loading: MultiRel ...
>>>>>>>start training : long_term_forecast_PEMS04_96_12_MultiRel_k5_MultiRel_PEMS_ftM_sl96_ll0_pl12_dm512_nh8_el4_dl1_df512_expand2_dc4_fc1_ebtimeF_dtTrue_ksens_0>>>>>>>>>>>>>>>>>>>>>>>>>>
train 10088
val 3291
test 3292
	iters: 100, epoch: 1 | loss: 0.1353025
	speed: 0.2441s/iter; left time: 1516.2517s
	iters: 200, epoch: 1 | loss: 0.0719839
	speed: 0.2202s/iter; left time: 1345.4389s
	iters: 300, epoch: 1 | loss: 0.0882937
	speed: 0.2142s/iter; left time: 1287.3075s
	iters: 400, epoch: 1 | loss: 0.1112091
	speed: 0.2110s/iter; left time: 1247.1236s
	iters: 500, epoch: 1 | loss: 0.0854208
	speed: 0.2150s/iter; left time: 1249.4048s
	iters: 600, epoch: 1 | loss: 0.0917926
	speed: 0.2087s/iter; left time: 1192.0094s
Epoch: 1 cost time: 136.5988748073578
Epoch: 1, Steps: 631 | Train Loss: 0.1118022 Vali Loss: 0.0976616 Test Loss: 0.0945326
Validation loss decreased (inf --> 0.097662).  Saving model ...
Updating learning rate to 0.0005
	iters: 100, epoch: 2 | loss: 0.0741662
	speed: 1.1020s/iter; left time: 6148.9337s
	iters: 200, epoch: 2 | loss: 0.0802359
	speed: 0.2033s/iter; left time: 1114.0863s
	iters: 300, epoch: 2 | loss: 0.0896907
	speed: 0.2177s/iter; left time: 1171.2099s
	iters: 400, epoch: 2 | loss: 0.1036773
	speed: 0.2030s/iter; left time: 1071.8475s
	iters: 500, epoch: 2 | loss: 0.1077498
	speed: 0.2083s/iter; left time: 1078.8315s
	iters: 600, epoch: 2 | loss: 0.1219363
	speed: 0.2037s/iter; left time: 1034.9454s
Epoch: 2 cost time: 132.46081471443176
Epoch: 2, Steps: 631 | Train Loss: 0.0883903 Vali Loss: 0.0946380 Test Loss: 0.0907459
Validation loss decreased (0.097662 --> 0.094638).  Saving model ...
Updating learning rate to 0.00025
	iters: 100, epoch: 3 | loss: 0.0657809
	speed: 1.0410s/iter; left time: 5151.9135s
	iters: 200, epoch: 3 | loss: 0.0707268
	speed: 0.2080s/iter; left time: 1008.5849s
	iters: 300, epoch: 3 | loss: 0.0678692
	speed: 0.2050s/iter; left time: 973.5761s
	iters: 400, epoch: 3 | loss: 0.0827532
	speed: 0.2110s/iter; left time: 980.9104s
	iters: 500, epoch: 3 | loss: 0.0787472
	speed: 0.2110s/iter; left time: 959.8314s
	iters: 600, epoch: 3 | loss: 0.0650062
	speed: 0.2080s/iter; left time: 925.3979s
Epoch: 3 cost time: 132.96855211257935
Epoch: 3, Steps: 631 | Train Loss: 0.0785487 Vali Loss: 0.0854130 Test Loss: 0.0842352
Validation loss decreased (0.094638 --> 0.085413).  Saving model ...
Updating learning rate to 0.000125
	iters: 100, epoch: 4 | loss: 0.0574710
	speed: 1.2700s/iter; left time: 5483.8526s
	iters: 200, epoch: 4 | loss: 0.0843979
	speed: 0.2120s/iter; left time: 894.2161s
	iters: 300, epoch: 4 | loss: 0.0785535
	speed: 0.2100s/iter; left time: 864.7748s
	iters: 400, epoch: 4 | loss: 0.0713248
	speed: 0.2071s/iter; left time: 831.9411s
	iters: 500, epoch: 4 | loss: 0.0846220
	speed: 0.2040s/iter; left time: 799.1798s
	iters: 600, epoch: 4 | loss: 0.0937477
	speed: 0.2120s/iter; left time: 809.3023s
Epoch: 4 cost time: 134.50652384757996
Epoch: 4, Steps: 631 | Train Loss: 0.0746382 Vali Loss: 0.0865828 Test Loss: 0.0846535
EarlyStopping counter: 1 out of 3
Updating learning rate to 6.25e-05
	iters: 100, epoch: 5 | loss: 0.0734381
	speed: 1.3070s/iter; left time: 4818.9575s
	iters: 200, epoch: 5 | loss: 0.0848222
	speed: 0.1750s/iter; left time: 627.6736s
	iters: 300, epoch: 5 | loss: 0.0794579
	speed: 0.1940s/iter; left time: 676.4742s
	iters: 400, epoch: 5 | loss: 0.0638105
	speed: 0.1880s/iter; left time: 636.7568s
	iters: 500, epoch: 5 | loss: 0.0754597
	speed: 0.1902s/iter; left time: 625.1206s
	iters: 600, epoch: 5 | loss: 0.0816767
	speed: 0.1889s/iter; left time: 602.0778s
Epoch: 5 cost time: 120.35163116455078
Epoch: 5, Steps: 631 | Train Loss: 0.0722017 Vali Loss: 0.0804337 Test Loss: 0.0796219
Validation loss decreased (0.085413 --> 0.080434).  Saving model ...
Updating learning rate to 3.125e-05
	iters: 100, epoch: 6 | loss: 0.0763913
	speed: 0.9519s/iter; left time: 2909.0137s
	iters: 200, epoch: 6 | loss: 0.0793866
	speed: 0.1820s/iter; left time: 537.9917s
	iters: 300, epoch: 6 | loss: 0.0791866
	speed: 0.1790s/iter; left time: 511.2245s
	iters: 400, epoch: 6 | loss: 0.0746494
	speed: 0.1762s/iter; left time: 485.5367s
	iters: 500, epoch: 6 | loss: 0.0688987
	speed: 0.1949s/iter; left time: 517.5848s
	iters: 600, epoch: 6 | loss: 0.0930762
	speed: 0.1839s/iter; left time: 470.1749s
Epoch: 6 cost time: 119.06288385391235
Epoch: 6, Steps: 631 | Train Loss: 0.0708748 Vali Loss: 0.0799290 Test Loss: 0.0792698
Validation loss decreased (0.080434 --> 0.079929).  Saving model ...
Updating learning rate to 1.5625e-05
	iters: 100, epoch: 7 | loss: 0.0838727
	speed: 0.9881s/iter; left time: 2396.2556s
	iters: 200, epoch: 7 | loss: 0.0670267
	speed: 0.1859s/iter; left time: 432.1836s
	iters: 300, epoch: 7 | loss: 0.0731776
	speed: 0.1860s/iter; left time: 413.7743s
	iters: 400, epoch: 7 | loss: 0.0569739
	speed: 0.1840s/iter; left time: 391.0004s
	iters: 500, epoch: 7 | loss: 0.0765328
	speed: 0.1801s/iter; left time: 364.6214s
	iters: 600, epoch: 7 | loss: 0.0655098
	speed: 0.1851s/iter; left time: 356.2456s
Epoch: 7 cost time: 117.65005564689636
Epoch: 7, Steps: 631 | Train Loss: 0.0700597 Vali Loss: 0.0789257 Test Loss: 0.0784492
Validation loss decreased (0.079929 --> 0.078926).  Saving model ...
Updating learning rate to 7.8125e-06
	iters: 100, epoch: 8 | loss: 0.0813612
	speed: 1.4139s/iter; left time: 2536.5745s
	iters: 200, epoch: 8 | loss: 0.0818641
	speed: 0.1933s/iter; left time: 327.3773s
	iters: 300, epoch: 8 | loss: 0.0782553
	speed: 0.1907s/iter; left time: 303.9737s
	iters: 400, epoch: 8 | loss: 0.0482336
	speed: 0.1910s/iter; left time: 285.3527s
	iters: 500, epoch: 8 | loss: 0.0860717
	speed: 0.1900s/iter; left time: 264.8573s
	iters: 600, epoch: 8 | loss: 0.0556753
	speed: 0.1930s/iter; left time: 249.7431s
Epoch: 8 cost time: 122.23671412467957
Epoch: 8, Steps: 631 | Train Loss: 0.0696101 Vali Loss: 0.0792213 Test Loss: 0.0787029
EarlyStopping counter: 1 out of 3
Updating learning rate to 3.90625e-06
	iters: 100, epoch: 9 | loss: 0.0695235
	speed: 0.9660s/iter; left time: 1123.4790s
	iters: 200, epoch: 9 | loss: 0.0730343
	speed: 0.1970s/iter; left time: 209.4013s
	iters: 300, epoch: 9 | loss: 0.0776675
	speed: 0.1862s/iter; left time: 179.2690s
	iters: 400, epoch: 9 | loss: 0.0768717
	speed: 0.1849s/iter; left time: 159.5822s
	iters: 500, epoch: 9 | loss: 0.0668186
	speed: 0.1959s/iter; left time: 149.4838s
	iters: 600, epoch: 9 | loss: 0.0661985
	speed: 0.1940s/iter; left time: 128.6213s
Epoch: 9 cost time: 122.80754852294922
Epoch: 9, Steps: 631 | Train Loss: 0.0693609 Vali Loss: 0.0790728 Test Loss: 0.0785818
EarlyStopping counter: 2 out of 3
Updating learning rate to 1.953125e-06
	iters: 100, epoch: 10 | loss: 0.0778479
	speed: 1.0620s/iter; left time: 565.0012s
	iters: 200, epoch: 10 | loss: 0.0675638
	speed: 0.2001s/iter; left time: 86.4253s
	iters: 300, epoch: 10 | loss: 0.0527634
	speed: 0.1969s/iter; left time: 65.3733s
	iters: 400, epoch: 10 | loss: 0.0551670
	speed: 0.1953s/iter; left time: 45.2989s
	iters: 500, epoch: 10 | loss: 0.0462530
	speed: 0.1980s/iter; left time: 26.1298s
	iters: 600, epoch: 10 | loss: 0.0548346
	speed: 0.2000s/iter; left time: 6.3987s
Epoch: 10 cost time: 126.37644672393799
Epoch: 10, Steps: 631 | Train Loss: 0.0692460 Vali Loss: 0.0787882 Test Loss: 0.0783358
Validation loss decreased (0.078926 --> 0.078788).  Saving model ...
Updating learning rate to 9.765625e-07
>>>>>>>testing : long_term_forecast_PEMS04_96_12_MultiRel_k5_MultiRel_PEMS_ftM_sl96_ll0_pl12_dm512_nh8_el4_dl1_df512_expand2_dc4_fc1_ebtimeF_dtTrue_ksens_0<<<<<<<<<<<<<<<<<<<<<<<<<<<<<<<<<
test 3292
test shape: (3292, 12, 307) (3292, 12, 307)
test shape: (3292, 12, 307) (3292, 12, 307)
mse:0.07837648689746857, mae:0.1831813007593155, dtw:Not calculated
Use GPU: cuda:0
🚀 Lazy Loading: MultiRel ...
>>>>>>>start training : long_term_forecast_PEMS04_96_12_MultiRel_k5_MultiRel_PEMS_ftM_sl96_ll0_pl12_dm512_nh8_el4_dl1_df512_expand2_dc4_fc1_ebtimeF_dtTrue_ksens_1>>>>>>>>>>>>>>>>>>>>>>>>>>
train 10088
val 3291
test 3292
	iters: 100, epoch: 1 | loss: 0.1342305
	speed: 0.2155s/iter; left time: 1338.2443s
	iters: 200, epoch: 1 | loss: 0.1049795
	speed: 0.2000s/iter; left time: 1222.1917s
	iters: 300, epoch: 1 | loss: 0.1091263
	speed: 0.2030s/iter; left time: 1220.2371s
	iters: 400, epoch: 1 | loss: 0.1038277
	speed: 0.1920s/iter; left time: 1134.9072s
	iters: 500, epoch: 1 | loss: 0.0774182
	speed: 0.1920s/iter; left time: 1115.9346s
	iters: 600, epoch: 1 | loss: 0.0960457
	speed: 0.1902s/iter; left time: 1086.2895s
Epoch: 1 cost time: 124.76690363883972
Epoch: 1, Steps: 631 | Train Loss: 0.1098164 Vali Loss: 0.0994755 Test Loss: 0.0948116
Validation loss decreased (inf --> 0.099475).  Saving model ...
Updating learning rate to 0.0005
	iters: 100, epoch: 2 | loss: 0.0784628
	speed: 0.9958s/iter; left time: 5556.4258s
	iters: 200, epoch: 2 | loss: 0.0629420
	speed: 0.1901s/iter; left time: 1041.7438s
	iters: 300, epoch: 2 | loss: 0.0685121
	speed: 0.1939s/iter; left time: 1043.0494s
	iters: 400, epoch: 2 | loss: 0.0800958
	speed: 0.1860s/iter; left time: 982.0744s
	iters: 500, epoch: 2 | loss: 0.0838550
	speed: 0.1782s/iter; left time: 922.8936s
	iters: 600, epoch: 2 | loss: 0.0698859
	speed: 0.1800s/iter; left time: 914.5970s
Epoch: 2 cost time: 119.12921714782715
Epoch: 2, Steps: 631 | Train Loss: 0.0870909 Vali Loss: 0.0962112 Test Loss: 0.0930842
Validation loss decreased (0.099475 --> 0.096211).  Saving model ...
Updating learning rate to 0.00025
	iters: 100, epoch: 3 | loss: 0.0851706
	speed: 1.1359s/iter; left time: 5621.5787s
	iters: 200, epoch: 3 | loss: 0.1012963
	speed: 0.1631s/iter; left time: 790.6365s
	iters: 300, epoch: 3 | loss: 0.0597205
	speed: 0.1590s/iter; left time: 755.1432s
	iters: 400, epoch: 3 | loss: 0.0820118
	speed: 0.1618s/iter; left time: 752.3282s
	iters: 500, epoch: 3 | loss: 0.0797241
	speed: 0.1550s/iter; left time: 705.1014s
	iters: 600, epoch: 3 | loss: 0.0769224
	speed: 0.1582s/iter; left time: 703.7072s
Epoch: 3 cost time: 103.36797261238098
Epoch: 3, Steps: 631 | Train Loss: 0.0786995 Vali Loss: 0.0834899 Test Loss: 0.0824414
Validation loss decreased (0.096211 --> 0.083490).  Saving model ...
Updating learning rate to 0.000125
	iters: 100, epoch: 4 | loss: 0.0789723
	speed: 0.8758s/iter; left time: 3781.9066s
	iters: 200, epoch: 4 | loss: 0.0814314
	speed: 0.1881s/iter; left time: 793.3683s
	iters: 300, epoch: 4 | loss: 0.0894046
	speed: 0.1741s/iter; left time: 716.8652s
	iters: 400, epoch: 4 | loss: 0.0696227
	speed: 0.1649s/iter; left time: 662.5578s
	iters: 500, epoch: 4 | loss: 0.0727256
	speed: 0.1741s/iter; left time: 682.0163s
	iters: 600, epoch: 4 | loss: 0.0502312
	speed: 0.1698s/iter; left time: 648.4304s
Epoch: 4 cost time: 110.42894339561462
Epoch: 4, Steps: 631 | Train Loss: 0.0743191 Vali Loss: 0.0804972 Test Loss: 0.0796767
Validation loss decreased (0.083490 --> 0.080497).  Saving model ...
Updating learning rate to 6.25e-05
	iters: 100, epoch: 5 | loss: 0.0626776
	speed: 0.9271s/iter; left time: 3418.2584s
	iters: 200, epoch: 5 | loss: 0.0687175
	speed: 0.1661s/iter; left time: 595.6420s
	iters: 300, epoch: 5 | loss: 0.0716285
	speed: 0.1788s/iter; left time: 623.6163s
	iters: 400, epoch: 5 | loss: 0.0653360
	speed: 0.1770s/iter; left time: 599.4743s
	iters: 500, epoch: 5 | loss: 0.0702449
	speed: 0.1781s/iter; left time: 585.3166s
	iters: 600, epoch: 5 | loss: 0.0784124
	speed: 0.1780s/iter; left time: 567.1910s
Epoch: 5 cost time: 111.72256112098694
Epoch: 5, Steps: 631 | Train Loss: 0.0718913 Vali Loss: 0.0800531 Test Loss: 0.0795785
Validation loss decreased (0.080497 --> 0.080053).  Saving model ...
Updating learning rate to 3.125e-05
	iters: 100, epoch: 6 | loss: 0.0621743
	speed: 1.0910s/iter; left time: 3333.9634s
	iters: 200, epoch: 6 | loss: 0.0774941
	speed: 0.1692s/iter; left time: 500.2096s
	iters: 300, epoch: 6 | loss: 0.0834310
	speed: 0.1748s/iter; left time: 499.1735s
	iters: 400, epoch: 6 | loss: 0.0694754
	speed: 0.1692s/iter; left time: 466.2446s
	iters: 500, epoch: 6 | loss: 0.0605543
	speed: 0.1730s/iter; left time: 459.3672s
	iters: 600, epoch: 6 | loss: 0.0739818
	speed: 0.1779s/iter; left time: 454.7187s
Epoch: 6 cost time: 109.29921841621399
Epoch: 6, Steps: 631 | Train Loss: 0.0704835 Vali Loss: 0.0785254 Test Loss: 0.0782824
Validation loss decreased (0.080053 --> 0.078525).  Saving model ...
Updating learning rate to 1.5625e-05
	iters: 100, epoch: 7 | loss: 0.0638480
	speed: 0.9640s/iter; left time: 2337.6178s
	iters: 200, epoch: 7 | loss: 0.0619477
	speed: 0.1720s/iter; left time: 399.8975s
	iters: 300, epoch: 7 | loss: 0.0684705
	speed: 0.1720s/iter; left time: 382.8004s
	iters: 400, epoch: 7 | loss: 0.0725163
	speed: 0.1730s/iter; left time: 367.5297s
	iters: 500, epoch: 7 | loss: 0.0605408
	speed: 0.1700s/iter; left time: 344.2478s
	iters: 600, epoch: 7 | loss: 0.0752057
	speed: 0.1850s/iter; left time: 356.1236s
Epoch: 7 cost time: 112.51482272148132
Epoch: 7, Steps: 631 | Train Loss: 0.0697728 Vali Loss: 0.0786411 Test Loss: 0.0782237
EarlyStopping counter: 1 out of 3
Updating learning rate to 7.8125e-06
	iters: 100, epoch: 8 | loss: 0.0843426
	speed: 1.2570s/iter; left time: 2255.0619s
	iters: 200, epoch: 8 | loss: 0.0773697
	speed: 0.1630s/iter; left time: 276.1188s
	iters: 300, epoch: 8 | loss: 0.0768872
	speed: 0.1712s/iter; left time: 272.8945s
	iters: 400, epoch: 8 | loss: 0.0785581
	speed: 0.1698s/iter; left time: 253.6797s
	iters: 500, epoch: 8 | loss: 0.0695227
	speed: 0.1810s/iter; left time: 252.3102s
	iters: 600, epoch: 8 | loss: 0.0744257
	speed: 0.1610s/iter; left time: 208.3348s
Epoch: 8 cost time: 108.57379484176636
Epoch: 8, Steps: 631 | Train Loss: 0.0693782 Vali Loss: 0.0783207 Test Loss: 0.0778997
Validation loss decreased (0.078525 --> 0.078321).  Saving model ...
Updating learning rate to 3.90625e-06
	iters: 100, epoch: 9 | loss: 0.0654718
	speed: 0.8882s/iter; left time: 1032.9253s
	iters: 200, epoch: 9 | loss: 0.0562015
	speed: 0.1868s/iter; left time: 198.6141s
	iters: 300, epoch: 9 | loss: 0.0703238
	speed: 0.1832s/iter; left time: 176.3922s
	iters: 400, epoch: 9 | loss: 0.0731467
	speed: 0.1790s/iter; left time: 154.4751s
	iters: 500, epoch: 9 | loss: 0.0714029
	speed: 0.1739s/iter; left time: 132.6631s
	iters: 600, epoch: 9 | loss: 0.0661256
	speed: 0.1740s/iter; left time: 115.3608s
Epoch: 9 cost time: 113.34534358978271
Epoch: 9, Steps: 631 | Train Loss: 0.0690951 Vali Loss: 0.0779883 Test Loss: 0.0776631
Validation loss decreased (0.078321 --> 0.077988).  Saving model ...
Updating learning rate to 1.953125e-06
	iters: 100, epoch: 10 | loss: 0.0693638
	speed: 1.0400s/iter; left time: 553.2601s
	iters: 200, epoch: 10 | loss: 0.0702280
	speed: 0.1900s/iter; left time: 82.0793s
	iters: 300, epoch: 10 | loss: 0.0696405
	speed: 0.1762s/iter; left time: 58.4893s
	iters: 400, epoch: 10 | loss: 0.0709388
	speed: 0.1798s/iter; left time: 41.7200s
	iters: 500, epoch: 10 | loss: 0.0624689
	speed: 0.1634s/iter; left time: 21.5728s
	iters: 600, epoch: 10 | loss: 0.0709033
	speed: 0.1658s/iter; left time: 5.3055s
Epoch: 10 cost time: 112.14215993881226
Epoch: 10, Steps: 631 | Train Loss: 0.0689918 Vali Loss: 0.0779153 Test Loss: 0.0776091
Validation loss decreased (0.077988 --> 0.077915).  Saving model ...
Updating learning rate to 9.765625e-07
>>>>>>>testing : long_term_forecast_PEMS04_96_12_MultiRel_k5_MultiRel_PEMS_ftM_sl96_ll0_pl12_dm512_nh8_el4_dl1_df512_expand2_dc4_fc1_ebtimeF_dtTrue_ksens_1<<<<<<<<<<<<<<<<<<<<<<<<<<<<<<<<<
test 3292
test shape: (3292, 12, 307) (3292, 12, 307)
test shape: (3292, 12, 307) (3292, 12, 307)
mse:0.07764634490013123, mae:0.18234783411026, dtw:Not calculated
Use GPU: cuda:0
🚀 Lazy Loading: MultiRel ...
>>>>>>>start training : long_term_forecast_PEMS04_96_12_MultiRel_k5_MultiRel_PEMS_ftM_sl96_ll0_pl12_dm512_nh8_el4_dl1_df512_expand2_dc4_fc1_ebtimeF_dtTrue_ksens_2>>>>>>>>>>>>>>>>>>>>>>>>>>
train 10088
val 3291
test 3292
	iters: 100, epoch: 1 | loss: 0.1080954
	speed: 0.1887s/iter; left time: 1171.8626s
	iters: 200, epoch: 1 | loss: 0.1247959
	speed: 0.1730s/iter; left time: 1057.2039s
	iters: 300, epoch: 1 | loss: 0.1110799
	speed: 0.1710s/iter; left time: 1027.8753s
	iters: 400, epoch: 1 | loss: 0.0799657
	speed: 0.1683s/iter; left time: 994.9199s
	iters: 500, epoch: 1 | loss: 0.0892555
	speed: 0.1797s/iter; left time: 1044.1385s
	iters: 600, epoch: 1 | loss: 0.0960349
	speed: 0.1670s/iter; left time: 953.7316s
Epoch: 1 cost time: 109.83188390731812
Epoch: 1, Steps: 631 | Train Loss: 0.1109377 Vali Loss: 0.1222896 Test Loss: 0.1171737
Validation loss decreased (inf --> 0.122290).  Saving model ...
Updating learning rate to 0.0005
	iters: 100, epoch: 2 | loss: 0.0881391
	speed: 0.9740s/iter; left time: 5435.1860s
	iters: 200, epoch: 2 | loss: 0.1018005
	speed: 0.1670s/iter; left time: 914.8974s
	iters: 300, epoch: 2 | loss: 0.0919866
	speed: 0.1650s/iter; left time: 887.6941s
	iters: 400, epoch: 2 | loss: 0.0717575
	speed: 0.1732s/iter; left time: 914.4927s
	iters: 500, epoch: 2 | loss: 0.0835493
	speed: 0.1648s/iter; left time: 853.7389s
	iters: 600, epoch: 2 | loss: 0.0838081
	speed: 0.1720s/iter; left time: 873.6780s
Epoch: 2 cost time: 108.53887176513672
Epoch: 2, Steps: 631 | Train Loss: 0.0887575 Vali Loss: 0.0931518 Test Loss: 0.0899235
Validation loss decreased (0.122290 --> 0.093152).  Saving model ...
Updating learning rate to 0.00025
	iters: 100, epoch: 3 | loss: 0.0788397
	speed: 1.2611s/iter; left time: 6241.0326s
	iters: 200, epoch: 3 | loss: 0.0783122
	speed: 0.1649s/iter; left time: 799.7417s
	iters: 300, epoch: 3 | loss: 0.1136399
	speed: 0.1752s/iter; left time: 832.0318s
	iters: 400, epoch: 3 | loss: 0.0764845
	speed: 0.1690s/iter; left time: 785.5028s
	iters: 500, epoch: 3 | loss: 0.0801658
	speed: 0.1740s/iter; left time: 791.7334s
	iters: 600, epoch: 3 | loss: 0.0806158
	speed: 0.1670s/iter; left time: 743.0577s
Epoch: 3 cost time: 108.03312039375305
Epoch: 3, Steps: 631 | Train Loss: 0.0784656 Vali Loss: 0.0847985 Test Loss: 0.0837350
Validation loss decreased (0.093152 --> 0.084799).  Saving model ...
Updating learning rate to 0.000125
	iters: 100, epoch: 4 | loss: 0.0761572
	speed: 0.9490s/iter; left time: 4097.5799s
	iters: 200, epoch: 4 | loss: 0.0915255
	speed: 0.1688s/iter; left time: 712.0807s
	iters: 300, epoch: 4 | loss: 0.0681622
	speed: 0.1921s/iter; left time: 791.2194s
	iters: 400, epoch: 4 | loss: 0.0797296
	speed: 0.1770s/iter; left time: 711.2907s
	iters: 500, epoch: 4 | loss: 0.0745936
	speed: 0.1829s/iter; left time: 716.5306s
	iters: 600, epoch: 4 | loss: 0.0817963
	speed: 0.1660s/iter; left time: 633.6114s
Epoch: 4 cost time: 112.2580919265747
Epoch: 4, Steps: 631 | Train Loss: 0.0742510 Vali Loss: 0.0825632 Test Loss: 0.0816715
Validation loss decreased (0.084799 --> 0.082563).  Saving model ...
Updating learning rate to 6.25e-05
	iters: 100, epoch: 5 | loss: 0.0611714
	speed: 1.0250s/iter; left time: 3779.1972s
	iters: 200, epoch: 5 | loss: 0.0626167
	speed: 0.1700s/iter; left time: 609.8610s
	iters: 300, epoch: 5 | loss: 0.0652898
	speed: 0.1770s/iter; left time: 617.1326s
	iters: 400, epoch: 5 | loss: 0.0790287
	speed: 0.1650s/iter; left time: 558.8215s
	iters: 500, epoch: 5 | loss: 0.0844553
	speed: 0.1732s/iter; left time: 569.2344s
	iters: 600, epoch: 5 | loss: 0.0773640
	speed: 0.1640s/iter; left time: 522.7402s
Epoch: 5 cost time: 108.7423083782196
Epoch: 5, Steps: 631 | Train Loss: 0.0719584 Vali Loss: 0.0804787 Test Loss: 0.0799507
Validation loss decreased (0.082563 --> 0.080479).  Saving model ...
Updating learning rate to 3.125e-05
	iters: 100, epoch: 6 | loss: 0.0852529
	speed: 1.0388s/iter; left time: 3174.5744s
	iters: 200, epoch: 6 | loss: 0.0587394
	speed: 0.1762s/iter; left time: 520.7757s
	iters: 300, epoch: 6 | loss: 0.0607839
	speed: 0.1849s/iter; left time: 528.1584s
	iters: 400, epoch: 6 | loss: 0.0753594
	speed: 0.1769s/iter; left time: 487.5281s
	iters: 500, epoch: 6 | loss: 0.0752217
	speed: 0.1680s/iter; left time: 446.2262s
	iters: 600, epoch: 6 | loss: 0.0896614
	speed: 0.1630s/iter; left time: 416.5920s
Epoch: 6 cost time: 111.13435912132263
Epoch: 6, Steps: 631 | Train Loss: 0.0706088 Vali Loss: 0.0794400 Test Loss: 0.0789555
Validation loss decreased (0.080479 --> 0.079440).  Saving model ...
Updating learning rate to 1.5625e-05
	iters: 100, epoch: 7 | loss: 0.0734447
	speed: 0.9700s/iter; left time: 2352.2489s
	iters: 200, epoch: 7 | loss: 0.0789990
	speed: 0.1710s/iter; left time: 397.5768s
	iters: 300, epoch: 7 | loss: 0.0568577
	speed: 0.1611s/iter; left time: 358.4971s
	iters: 400, epoch: 7 | loss: 0.0654471
	speed: 0.1630s/iter; left time: 346.3642s
	iters: 500, epoch: 7 | loss: 0.0437625
	speed: 0.1742s/iter; left time: 352.8357s
	iters: 600, epoch: 7 | loss: 0.0686876
	speed: 0.1678s/iter; left time: 323.0361s
Epoch: 7 cost time: 108.02939653396606
Epoch: 7, Steps: 631 | Train Loss: 0.0698463 Vali Loss: 0.0791847 Test Loss: 0.0787574
Validation loss decreased (0.079440 --> 0.079185).  Saving model ...
Updating learning rate to 7.8125e-06
	iters: 100, epoch: 8 | loss: 0.0716815
	speed: 1.2778s/iter; left time: 2292.4334s
	iters: 200, epoch: 8 | loss: 0.0698776
	speed: 0.1790s/iter; left time: 303.2200s
	iters: 300, epoch: 8 | loss: 0.0567456
	speed: 0.1792s/iter; left time: 285.6017s
	iters: 400, epoch: 8 | loss: 0.0749613
	speed: 0.1841s/iter; left time: 274.9945s
	iters: 500, epoch: 8 | loss: 0.0470433
	speed: 0.1678s/iter; left time: 233.8551s
	iters: 600, epoch: 8 | loss: 0.0681004
	speed: 0.1392s/iter; left time: 180.0786s
Epoch: 8 cost time: 108.50872015953064
Epoch: 8, Steps: 631 | Train Loss: 0.0694161 Vali Loss: 0.0784168 Test Loss: 0.0779759
Validation loss decreased (0.079185 --> 0.078417).  Saving model ...
Updating learning rate to 3.90625e-06
	iters: 100, epoch: 9 | loss: 0.0536522
	speed: 0.7760s/iter; left time: 902.5144s
	iters: 200, epoch: 9 | loss: 0.0602420
	speed: 0.1668s/iter; left time: 177.3211s
	iters: 300, epoch: 9 | loss: 0.0691335
	speed: 0.1633s/iter; left time: 157.2378s
	iters: 400, epoch: 9 | loss: 0.0812316
	speed: 0.1819s/iter; left time: 156.9729s
	iters: 500, epoch: 9 | loss: 0.0582780
	speed: 0.1720s/iter; left time: 131.2333s
	iters: 600, epoch: 9 | loss: 0.0717059
	speed: 0.1680s/iter; left time: 111.3921s
Epoch: 9 cost time: 107.85376715660095
Epoch: 9, Steps: 631 | Train Loss: 0.0691675 Vali Loss: 0.0787158 Test Loss: 0.0782958
EarlyStopping counter: 1 out of 3
Updating learning rate to 1.953125e-06
	iters: 100, epoch: 10 | loss: 0.0644894
	speed: 0.9508s/iter; left time: 505.8427s
	iters: 200, epoch: 10 | loss: 0.0695159
	speed: 0.1600s/iter; left time: 69.1136s
	iters: 300, epoch: 10 | loss: 0.0689217
	speed: 0.1560s/iter; left time: 51.7921s
	iters: 400, epoch: 10 | loss: 0.0676621
	speed: 0.1710s/iter; left time: 39.6721s
	iters: 500, epoch: 10 | loss: 0.0813464
	speed: 0.1712s/iter; left time: 22.5938s
	iters: 600, epoch: 10 | loss: 0.0640705
	speed: 0.1750s/iter; left time: 5.6004s
Epoch: 10 cost time: 106.70329141616821
Epoch: 10, Steps: 631 | Train Loss: 0.0690767 Vali Loss: 0.0785993 Test Loss: 0.0782399
EarlyStopping counter: 2 out of 3
Updating learning rate to 9.765625e-07
>>>>>>>testing : long_term_forecast_PEMS04_96_12_MultiRel_k5_MultiRel_PEMS_ftM_sl96_ll0_pl12_dm512_nh8_el4_dl1_df512_expand2_dc4_fc1_ebtimeF_dtTrue_ksens_2<<<<<<<<<<<<<<<<<<<<<<<<<<<<<<<<<
test 3292
test shape: (3292, 12, 307) (3292, 12, 307)
test shape: (3292, 12, 307) (3292, 12, 307)
mse:0.07801659405231476, mae:0.1829911768436432, dtw:Not calculated
