metrla pl12 MultiRel main 0.3987(n3) [0.39811503887176514 0.3983331620693207 0.39960363507270813 ]
metrla pl12 DLinear main 0.4942(n3) [0.4942072629928589 0.4942113161087036 0.49430087208747864 ]
metrla pl12 StructMamba main 0.4052(n3) [0.4082079231739044 0.40471145510673523 0.40264350175857544 ]
metrla pl12 iTransformer main 0.4370(n3) [0.4341790974140167 0.4380296468734741 0.4386419355869293 ]
metrla pl24 DLinear main 0.6673(n3) [0.6675872206687927 0.6670963764190674 0.6670806407928467 ]
metrla pl24 iTransformer main 0.5786(n3) [0.5779121518135071 0.5807765126228333 0.5771666169166565 ]
metrla pl12 Crossformer main 0.3785(n3) [0.37572598457336426 0.3748849034309387 0.38501667976379395 ]
metrla pl24 MultiRel main 0.5047(n3) [0.502772867679596 0.5070809125900269 0.5043385028839111 ]
metrla pl12 PatchTST main 0.4727(n3) [0.47298040986061096 0.4732247292995453 0.47192734479904175 ]
metrla pl24 Crossformer main 0.4644(n3) [0.4642225205898285 0.45467105507850647 0.4743605852127075 ]
metrla pl12 SECrossformer main 0.3725(n3) [0.3753764033317566 0.37202656269073486 0.3701654374599457 ]
metrla pl24 StructMamba main 0.5093(n3) [0.5068777799606323 0.5097034573554993 0.5113667845726013 ]
metrla pl48 DLinear main 0.8445(n3) [0.8448497653007507 0.8445498943328857 0.8441667556762695 ]
metrla pl48 iTransformer main 0.7520(n3) [0.7563766241073608 0.7484782338142395 0.7512922883033752 ]
metrla pl24 PatchTST main 0.6443(n3) [0.6444632411003113 0.6440450549125671 0.6444849371910095 ]
metrla pl48 MultiRel main 0.6137(n3) [0.6200917363166809 0.6075561046600342 0.6134853363037109 ]
metrla pl48 Crossformer main 0.5509(n3) [0.5379430651664734 0.5526694059371948 0.5621882081031799 ]
metrla pl24 SECrossformer main 0.4591(n3) [0.4660993814468384 0.4510400593280792 0.4602893888950348 ]
metrla pl48 StructMamba main 0.6128(n3) [0.6056902408599854 0.6116390228271484 0.620982825756073 ]
metrla pl96 DLinear main 0.9548(n3) [0.9547204971313477 0.9551435112953186 0.9543904662132263 ]
metrla pl96 iTransformer main 0.9116(n3) [0.9124735593795776 0.9127978682518005 0.9094107151031494 ]
metrla pl48 PatchTST main 0.8404(n3) [0.8392632603645325 0.8409568667411804 0.8410120606422424 ]
metrla pl48 SECrossformer main 0.5491(n3) [0.5517599582672119 0.5489150285720825 0.5465099811553955 ]
metrla pl96 MultiRel main 0.7060(n3) [0.7080511450767517 0.6911773085594177 0.7188383936882019 ]
metrla pl96 StructMamba main 0.6989(n3) [0.6946370601654053 0.7045844197273254 0.6973444223403931 ]
metrla pl96 Crossformer main 0.6137(n3) [0.6160749793052673 0.6012240052223206 0.6238278746604919 ]
pemsbay pl24 iTransformer main 0.4464(n3) [0.4478144347667694 0.44685620069503784 0.44452908635139465 ]
metrla pl96 PatchTST main 0.9906(n3) [0.9906411170959473 0.9907772541046143 0.9903125166893005 ]
pemsbay pl24 DLinear main 0.6004(n3) [0.5988938808441162 0.6001810431480408 0.6020175814628601 ]
metrla pl96 SECrossformer main 0.6278(n3) [0.6295660138130188 0.6292315125465393 0.6245286464691162 ]
pemsbay pl24 MultiRel main 0.3978(n3) [0.4014536142349243 0.3986518681049347 0.39320307970046997 ]
pemsbay pl24 Crossformer main 0.3415(n3) [0.33647656440734863 0.3436892628669739 0.34432998299598694 ]
pemsbay pl24 StructMamba main 0.3971(n3) [0.39914804697036743 0.3997289836406708 0.39238476753234863 ]
pemsbay pl48 iTransformer main 0.6457(n3) [0.6430109143257141 0.6468026041984558 0.6473678946495056 ]
pemsbay pl24 PatchTST main 0.4986(n3) [0.49896153807640076 0.4990525245666504 0.49767830967903137 ]
pemsbay pl48 DLinear main 0.8504(n3) [0.851416289806366 0.8482149839401245 0.8514308929443359 ]
pemsbay pl24 SECrossformer main 0.3471(n3) [0.3511234223842621 0.34641918540000916 0.3438100218772888 ]
pemsbay pl48 Crossformer main 0.4468(n3) [0.44623538851737976 0.44526249170303345 0.4488677978515625 ]
pemsbay pl48 MultiRel main 0.5339(n3) [0.5358692407608032 0.5328544974327087 0.5329002737998962 ]
metrla pl24 TimesNet main 0.5971(n3) [0.5924782752990723 0.5990385413169861 0.5996455550193787 ]
pemsbay pl48 PatchTST main 0.7354(n3) [0.7353243231773376 0.735334575176239 0.7355949878692627 ]
metrla pl12 TimesNet main 0.5170(n3) [0.5108475089073181 0.5205706357955933 0.5195567011833191 ]
metrla pl12 MultiRel PC 0.4244(n3) [0.42350101470947266 0.4243939220905304 0.4251916706562042 ]
pemsbay pl48 StructMamba main 0.5391(n3) [0.538884162902832 0.540708065032959 0.5377679467201233 ]
metrla pl12 MultiRel PE 0.4033(n3) [0.3995213806629181 0.4061073958873749 0.4043489098548889 ]
metrla pl12 MultiRel LL 0.4176(n3) [0.4161319434642792 0.4196239113807678 0.41692444682121277 ]
metrla pl12 MultiRel ONES 0.4363(n3) [0.43387696146965027 0.43816494941711426 0.4369356334209442 ]
metrla pl12 SECrossformer PC 0.3757(n3) [0.37113791704177856 0.3860321342945099 0.37002140283584595 ]
metrla pl12 SECrossformer PE 0.3729(n3) [0.37147003412246704 0.37260928750038147 0.3745245337486267 ]
metrla pl12 SECrossformer LL 0.3888(n3) [0.38672593235969543 0.39111191034317017 0.3885781466960907 ]
metrla pl12 StructMamba PC 0.4210(n3) [0.42405861616134644 0.4178798496723175 0.4210853576660156 ]
metrla pl12 StructMamba PE 0.4091(n3) [0.4077937602996826 0.41566407680511475 0.4038609564304352 ]
metrla pl12 StructMamba LL 0.4191(n3) [0.4202016592025757 0.4171566665172577 0.42000335454940796 ]
metrla pl12 StructMamba ONES 0.4339(n3) [0.43439221382141113 0.431216835975647 0.4360184371471405 ]
metrla pl12 SECrossformer ONES 0.3713(n3) [0.37574276328086853 0.36815834045410156 0.37008628249168396 ]
metrla pl96 MultiRel PC 0.8229(n3) [0.8230260014533997 0.8226024508476257 0.8230456113815308 ]
metrla pl96 MultiRel PE 0.7235(n3) [0.7190670967102051 0.7392119765281677 0.7121967077255249 ]
pemsbay pl48 SECrossformer main 0.4487(n3) [0.4476114511489868 0.45640337467193604 0.4421060383319855 ]
metrla pl96 MultiRel LL 0.7892(n3) [0.7928739786148071 0.7895997762680054 0.7852608561515808 ]
metrla pl96 MultiRel ONES 0.9078(n3) [0.9071939587593079 0.9097130298614502 0.906450092792511 ]
metrla pl96 SECrossformer PC 0.6259(n3) [0.6220196485519409 0.6191461086273193 0.6364469528198242 ]
metrla pl96 SECrossformer LL 0.6618(n3) [0.6558660268783569 0.6685811877250671 0.6609625816345215 ]
metrla pl96 SECrossformer PE 0.6358(n3) [0.6354466676712036 0.6415613889694214 0.6302880048751831 ]
metrla pl96 StructMamba PC 0.7211(n3) [0.7196358442306519 0.7155670523643494 0.7279576659202576 ]
metrla pl96 StructMamba PE 0.7051(n3) [0.7021703720092773 0.7039133310317993 0.7093108892440796 ]
metrla pl96 SECrossformer ONES 0.6360(n3) [0.6360909938812256 0.6337325572967529 0.6380399465560913 ]
metrla pl96 StructMamba LL 0.7388(n3) [0.7385812401771545 0.7415000796318054 0.7364027500152588 ]
metrla pl48 TimesNet main 0.6995(n3) [0.6971300840377808 0.6988705992698669 0.7024155259132385 ]
metrla pl96 StructMamba ONES 0.7591(n3) [0.7641518712043762 0.7550562620162964 0.7582185864448547 ]
pemsbay pl12 MultiRel PC 0.2920(n3) [0.2909533977508545 0.2907117009162903 0.2943440079689026 ]
pemsbay pl12 MultiRel PE 0.2850(n3) [0.28278848528862 0.28479933738708496 0.2875556945800781 ]
pemsbay pl12 MultiRel LL 0.2935(n3) [0.2919061779975891 0.2957961857318878 0.29285603761672974 ]
pemsbay pl12 MultiRel ONES 0.2971(n3) [0.2966095805168152 0.2982156574726105 0.29651007056236267 ]
pemsbay pl12 StructMamba PC 0.2997(n3) [0.2998957931995392 0.29962921142578125 0.2995041608810425 ]
pemsbay pl12 StructMamba PE 0.2890(n3) [0.29065462946891785 0.29133734107017517 0.28508007526397705 ]
pemsbay pl12 StructMamba LL 0.2942(n3) [0.2951584458351135 0.29222333431243896 0.2953290045261383 ]
pemsbay pl12 SECrossformer PC 0.2730(n3) [0.2639452815055847 0.2735441327095032 0.2816232144832611 ]
pemsbay pl12 SECrossformer LL 0.2655(n3) [0.2602500915527344 0.27117979526519775 0.2650708854198456 ]
pemsbay pl12 SECrossformer PE 0.2647(n3) [0.25933369994163513 0.26725471019744873 0.26763132214546204 ]
pemsbay pl12 SECrossformer ONES 0.2701(n3) [0.26843830943107605 0.27134284377098083 0.2706347703933716 ]
pemsbay pl12 StructMamba ONES 0.3020(n3) [0.303285151720047 0.3001136779785156 0.30273017287254333 ]
metrla pl96 TimesNet main 0.7800(n3) [0.7824862599372864 0.7796081304550171 0.7778164744377136 ]
pemsbay pl96 MultiRel PC 0.7297(n3) [0.7301145792007446 0.7281137108802795 0.730796217918396 ]
pemsbay pl96 MultiRel PE 0.7333(n3) [0.722771406173706 0.7355675101280212 0.7415430545806885 ]
pemsbay pl96 MultiRel LL 0.7586(n3) [0.7554040551185608 0.7612016201019287 0.7593422532081604 ]
pemsbay pl96 MultiRel ONES 0.8213(n3) [0.8203251957893372 0.8242412209510803 0.8192495107650757 ]
pemsbay pl96 SECrossformer PC 0.5340(n3) [0.5307839512825012 0.5392895340919495 0.5319206714630127 ]
pemsbay pl96 StructMamba PE 0.7042(n3) [0.6850244998931885 0.7390077114105225 0.6886793375015259 ]
pemsbay pl96 StructMamba PC 0.6529(n3) [0.6429224014282227 0.6586105227470398 0.6570869088172913 ]
pemsbay pl24 TimesNet main 0.5501(n2) [0.5497759580612183 0.5503837466239929 ]
pemsbay pl48 TimesNet main 0.7796(n2) [0.7734475135803223 0.7857304811477661 ]
pemsbay pl96 SECrossformer ONES 0.4915(n1) [0.49149090051651 ]
pemsbay pl96 SECrossformer PE 0.5165(n2) [0.5121043920516968 0.520834743976593 ]
pemsbay pl96 SECrossformer LL 0.5626(n2) [0.5635524988174438 0.5615602135658264 ]
pemsbay pl96 StructMamba ONES 0.8299(n3) [0.8303722143173218 0.8381289839744568 0.8211482763290405 ]
pemsbay pl96 StructMamba LL 0.7677(n3) [0.7438090443611145 0.7657495737075806 0.7934529781341553 ]
=== RERUN DONE ===
