PEMS08 pl12 ones 0.0800(n3) [0.08000122010707855 0.0798623189330101 0.08018667250871658 ]
PEMS08 pl12 hard 0.0768(n3) [0.07684946805238724 0.07694590091705322 0.07646665722131729 ]
PEMS08 pl24 hard 0.1094(n3) [0.10983478277921677 0.10952518880367279 0.1089596077799797 ]
PEMS08 pl48 hard 0.1794(n3) [0.18176181614398956 0.1811067909002304 0.17544512450695038 ]
PEMS08 pl24 ones 0.1186(n3) [0.11891479790210724 0.1192895844578743 0.11764615029096603 ]
PEMS08 pl48 ones 0.2080(n3) [0.20795364677906036 0.21305270493030548 0.20308631658554077 ]
PEMS04 pl48 ones 0.2026(n3) [0.20230649411678314 0.20379985868930817 0.20160505175590515 ]
PEMS04 pl48 hard 0.1600(n3) [0.16009502112865448 0.16127339005470276 0.15862789750099182 ]
PEMS04 pl24 ones 0.1262(n3) [0.12660080194473267 0.12596756219863892 0.1259976625442505 ]
PEMS04 pl24 hard 0.1077(n3) [0.10801921039819717 0.10693869739770889 0.10825448483228683 ]
PEMS04 pl12 ones 0.0894(n3) [0.08936142176389694 0.0891420915722847 0.08961831033229828 ]
PEMS04 pl12 hard 0.0815(n3) [0.08168216794729233 0.08142778277397156 0.08129918575286865 ]
PEMS03 pl48 hard 0.1461(n3) [0.14376460015773773 0.1480652093887329 0.1466120332479477 ]
PEMS03 pl48 ones 0.1663(n3) [0.16696210205554962 0.16548758745193481 0.16655653715133667 ]
PEMS04 pl96 ones 0.3046(n3) [0.3069823086261749 0.306030809879303 0.30065032839775085 ]
PEMS04 pl96 hard 0.2324(n3) [0.23551809787750244 0.22642849385738373 0.23526959121227264 ]
PEMS08 pl96 hard 0.3129(n3) [0.3094753921031952 0.3133666217327118 0.31586432456970215 ]
PEMS08 pl96 ones 0.3697(n3) [0.3879411518573761 0.3632465898990631 0.3580029010772705 ]
PEMS03 pl96 hard 0.2280(n3) [0.2237078845500946 0.236598402261734 0.223606139421463 ]
PEMS03 pl96 ones 0.2689(n3) [0.2616923451423645 0.2673260271549225 0.27753832936286926 ]
PEMS03 pl24 ones 0.1010(n3) [0.10140296071767807 0.10131373256444931 0.10034795850515366 ]
PEMS03 pl24 hard 0.0929(n3) [0.09301985055208206 0.09335607290267944 0.09225515276193619 ]
PEMS03 pl12 hard 0.0668(n3) [0.06682487577199936 0.06687316298484802 0.06673295795917511 ]
PEMS03 pl12 ones 0.0698(n3) [0.06979680806398392 0.06965973973274231 0.07000254094600677 ]
metrla pl96 hard 0.7106(n3) [0.7018435597419739 0.6989866495132446 0.7309656143188477 ]
metrla pl48 ones 0.7531(n3) [0.7524728775024414 0.7526459097862244 0.7540695667266846 ]
metrla pl12 hard 0.3987(n3) [0.39811503887176514 0.3983331620693207 0.39960363507270813 ]
metrla pl24 hard 0.5047(n3) [0.502772867679596 0.5070809125900269 0.5043385028839111 ]
metrla pl48 hard 0.6137(n3) [0.6200917363166809 0.6075561046600342 0.6134853363037109 ]
metrla pl24 ones 0.5804(n3) [0.5805809497833252 0.579653799533844 0.5808253884315491 ]
metrla pl12 ones 0.4383(n3) [0.43731412291526794 0.43902868032455444 0.43869560956954956 ]
metrla pl96 ones 0.9085(n2) [0.9071939587593079 0.9097130298614502 ]
pemsbay pl96 hard 0.6501(n1) [0.6501303911209106 ]
pemsbay pl96 ones 0.8163(n1) [0.8162552118301392 ]
pemsbay pl12 ones 0.2971(n3) [0.2966095805168152 0.2982156574726105 0.29651007056236267 ]
pemsbay pl12 hard 0.2817(n3) [0.28141775727272034 0.2834312915802002 0.28028690814971924 ]
pemsbay pl48 hard 0.5333(n2) [0.5372388958930969 0.5294413566589355 ]
pemsbay pl48 ones 0.6408(n2) [0.6400264501571655 0.6415223479270935 ]
pemsbay pl24 hard 0.3965(n2) [0.3995266258716583 0.393413782119751 ]
pemsbay pl24 ones 0.4476(n2) [0.4480559229850769 0.44712746143341064 ]
=== SCOPE GRID DONE ===
